<html>
<head>
<title>TestNG:  Test</title>
<link href="../testng.css" rel="stylesheet" type="text/css" />
<link href="../my-testng.css" rel="stylesheet" type="text/css" />

<style type="text/css">
.log { display: none;} 
.stack-trace { display: none;} 
</style>
<script type="text/javascript">
<!--
function flip(e) {
  current = e.style.display;
  if (current == 'block') {
    e.style.display = 'none';
    return 0;
  }
  else {
    e.style.display = 'block';
    return 1;
  }
}

function toggleBox(szDivId, elem, msg1, msg2)
{
  var res = -1;  if (document.getElementById) {
    res = flip(document.getElementById(szDivId));
  }
  else if (document.all) {
    // this is the way old msie versions work
    res = flip(document.all[szDivId]);
  }
  if(elem) {
    if(res == 0) elem.innerHTML = msg1; else elem.innerHTML = msg2;
  }

}

function toggleAllBoxes() {
  if (document.getElementsByTagName) {
    d = document.getElementsByTagName('div');
    for (i = 0; i < d.length; i++) {
      if (d[i].className == 'log') {
        flip(d[i]);
      }
    }
  }
}

// -->
</script>

</head>
<body>
<h2 align='center'>Test</h2><table border='1' align="center">
<tr>
<td>Tests passed/Failed/Skipped:</td><td>0/0/1</td>
</tr><tr>
<td>Started on:</td><td>Fri Jul 14 11:43:13 IST 2017</td>
</tr>
<tr><td>Total time:</td><td>2 seconds (2151 ms)</td>
</tr><tr>
<td>Included groups:</td><td></td>
</tr><tr>
<td>Excluded groups:</td><td></td>
</tr>
</table><p/>
<small><i>(Hover the method name to see the test class name)</i></small><p/>
<table width='100%' border='1' class='invocation-failed'>
<tr><td colspan='4' align='center'><b>FAILED CONFIGURATIONS</b></td></tr>
<tr><td><b>Test method</b></td>
<td width="30%"><b>Exception</b></td>
<td width="10%"><b>Time (seconds)</b></td>
<td><b>Instance</b></td>
</tr>
<tr>
<td title='scripts.TC01_Login.precondition()'><b>precondition</b><br>Test class: scripts.TC01_Login<br>Parameters: http://192.168.1.105/wd/hub, firefox</td>
<td><div><pre>org.openqa.selenium.UnsupportedCommandException: &lt;!DOCTYPE html&gt;








&lt;html&gt;
&lt;head&gt;
    &lt;title&gt;The page you requested could not be found&lt;/title&gt;
    &lt;meta name=&quot;robots&quot; content=&quot;noindex,nofollow&quot;/&gt;
    &lt;META NAME=&quot;title&quot; content=&quot;The page you requested could not be found&quot;&gt;
&lt;/head&gt;
&lt;body bgColor=&quot;#ffffff&quot;&gt;

&lt;table bgcolor=&quot;#ffffff&quot; cellspacing=&quot;0&quot; cellpadding=&quot;0&quot; width=&quot;100%&quot; height=&quot;100%&quot; border=&quot;0&quot;&gt;
    &lt;tr&gt;
        &lt;td height=&quot;100%&quot; valign=&quot;center&quot; align=&quot;center&quot;&gt;
            &lt;table width=&quot;500&quot;&gt;
                &lt;tr&gt;
                    &lt;td valign=&quot;middle&quot;&gt;
                        &lt;img src=&quot;/img/default/error_exclamation.gif?hash=1247701116&quot; border=&quot;0&quot; alt=&quot;&quot;&gt;
                    &lt;/td&gt;
                    &lt;td style=&quot;padding-left: 20px;&quot;&gt;
                        &lt;div style=&quot;padding-top: 16px; font-size: 14pt; color: #ff0000; font-family: Arial, Helvetica, serif;&quot;&gt;
                            &lt;strong&gt;
                                &lt;nobr&gt;The page you requested could not be found&lt;/nobr&gt;
                            &lt;/strong&gt;
                        &lt;/div&gt;
                        &lt;div style=&quot;padding-top: 15px; font-size: 12pt; color: #000000; font-family: Arial, Helvetica, serif;&quot;&gt;
                            &lt;strong&gt;
                                It is possible that this page was deleted. Please contact your system administrator for more information.
                            &lt;/strong&gt;
                        &lt;/div&gt;
                    &lt;/td&gt;
                &lt;/tr&gt;
            &lt;/table&gt;
        &lt;/td&gt;
    &lt;/tr&gt;
&lt;/table&gt;
&lt;/body&gt;
&lt;/html&gt;
Command duration or timeout: 426 milliseconds
Build info: version: &apos;2.53.1&apos;, revision: &apos;a36b8b1&apos;, time: &apos;2016-06-30 17:37:03&apos;
System info: host: &apos;user-PC&apos;, ip: &apos;192.168.1.105&apos;, os.name: &apos;Windows 7&apos;, os.arch: &apos;amd64&apos;, os.version: &apos;6.1&apos;, java.version: &apos;1.8.0_60&apos;
Driver info: org.openqa.selenium.remote.RemoteWebDriver
	at org.openqa.selenium.remote.ErrorHandler.createThrowable(ErrorHandler.java:206)
	at org.openqa.selenium.remote.ErrorHandler.throwIfResponseFailed(ErrorHandler.java:158)
	at org.openqa.selenium.remote.RemoteWebDriver.execute(RemoteWebDriver.java:678)
	at org.openqa.selenium.remote.RemoteWebDriver.startSession(RemoteWebDriver.java:249)
	at org.openqa.selenium.remote.RemoteWebDriver.&lt;init&gt;(RemoteWebDriver.java:131)
	at org.openqa.selenium.remote.RemoteWebDriver.&lt;init&gt;(RemoteWebDriver.java:158)
	at scripts.BaseTest.precondition(BaseTest.java:82)
... Removed 31 stack frames</pre></div><a href='#' onClick='toggleBox("stack-trace1517328406", this, "Click to show all stack frames", "Click to hide stack frames")'>Click to show all stack frames</a>
<div class='stack-trace' id='stack-trace1517328406'><pre>org.openqa.selenium.UnsupportedCommandException: &lt;!DOCTYPE html&gt;








&lt;html&gt;
&lt;head&gt;
    &lt;title&gt;The page you requested could not be found&lt;/title&gt;
    &lt;meta name=&quot;robots&quot; content=&quot;noindex,nofollow&quot;/&gt;
    &lt;META NAME=&quot;title&quot; content=&quot;The page you requested could not be found&quot;&gt;
&lt;/head&gt;
&lt;body bgColor=&quot;#ffffff&quot;&gt;

&lt;table bgcolor=&quot;#ffffff&quot; cellspacing=&quot;0&quot; cellpadding=&quot;0&quot; width=&quot;100%&quot; height=&quot;100%&quot; border=&quot;0&quot;&gt;
    &lt;tr&gt;
        &lt;td height=&quot;100%&quot; valign=&quot;center&quot; align=&quot;center&quot;&gt;
            &lt;table width=&quot;500&quot;&gt;
                &lt;tr&gt;
                    &lt;td valign=&quot;middle&quot;&gt;
                        &lt;img src=&quot;/img/default/error_exclamation.gif?hash=1247701116&quot; border=&quot;0&quot; alt=&quot;&quot;&gt;
                    &lt;/td&gt;
                    &lt;td style=&quot;padding-left: 20px;&quot;&gt;
                        &lt;div style=&quot;padding-top: 16px; font-size: 14pt; color: #ff0000; font-family: Arial, Helvetica, serif;&quot;&gt;
                            &lt;strong&gt;
                                &lt;nobr&gt;The page you requested could not be found&lt;/nobr&gt;
                            &lt;/strong&gt;
                        &lt;/div&gt;
                        &lt;div style=&quot;padding-top: 15px; font-size: 12pt; color: #000000; font-family: Arial, Helvetica, serif;&quot;&gt;
                            &lt;strong&gt;
                                It is possible that this page was deleted. Please contact your system administrator for more information.
                            &lt;/strong&gt;
                        &lt;/div&gt;
                    &lt;/td&gt;
                &lt;/tr&gt;
            &lt;/table&gt;
        &lt;/td&gt;
    &lt;/tr&gt;
&lt;/table&gt;
&lt;/body&gt;
&lt;/html&gt;
Command duration or timeout: 426 milliseconds
Build info: version: &apos;2.53.1&apos;, revision: &apos;a36b8b1&apos;, time: &apos;2016-06-30 17:37:03&apos;
System info: host: &apos;user-PC&apos;, ip: &apos;192.168.1.105&apos;, os.name: &apos;Windows 7&apos;, os.arch: &apos;amd64&apos;, os.version: &apos;6.1&apos;, java.version: &apos;1.8.0_60&apos;
Driver info: org.openqa.selenium.remote.RemoteWebDriver
	at sun.reflect.NativeConstructorAccessorImpl.newInstance0(Native Method)
	at sun.reflect.NativeConstructorAccessorImpl.newInstance(NativeConstructorAccessorImpl.java:62)
	at sun.reflect.DelegatingConstructorAccessorImpl.newInstance(DelegatingConstructorAccessorImpl.java:45)
	at java.lang.reflect.Constructor.newInstance(Constructor.java:422)
	at org.openqa.selenium.remote.ErrorHandler.createThrowable(ErrorHandler.java:206)
	at org.openqa.selenium.remote.ErrorHandler.throwIfResponseFailed(ErrorHandler.java:158)
	at org.openqa.selenium.remote.RemoteWebDriver.execute(RemoteWebDriver.java:678)
	at org.openqa.selenium.remote.RemoteWebDriver.startSession(RemoteWebDriver.java:249)
	at org.openqa.selenium.remote.RemoteWebDriver.&lt;init&gt;(RemoteWebDriver.java:131)
	at org.openqa.selenium.remote.RemoteWebDriver.&lt;init&gt;(RemoteWebDriver.java:158)
	at scripts.BaseTest.precondition(BaseTest.java:82)
	at sun.reflect.NativeMethodAccessorImpl.invoke0(Native Method)
	at sun.reflect.NativeMethodAccessorImpl.invoke(NativeMethodAccessorImpl.java:62)
	at sun.reflect.DelegatingMethodAccessorImpl.invoke(DelegatingMethodAccessorImpl.java:43)
	at java.lang.reflect.Method.invoke(Method.java:497)
	at org.testng.internal.MethodInvocationHelper.invokeMethod(MethodInvocationHelper.java:100)
	at org.testng.internal.Invoker.invokeConfigurationMethod(Invoker.java:515)
	at org.testng.internal.Invoker.invokeConfigurations(Invoker.java:216)
	at org.testng.internal.Invoker.invokeMethod(Invoker.java:590)
	at org.testng.internal.Invoker.invokeTestMethod(Invoker.java:811)
	at org.testng.internal.Invoker.invokeTestMethods(Invoker.java:1137)
	at org.testng.internal.TestMethodWorker.invokeTestMethods(TestMethodWorker.java:129)
	at org.testng.internal.TestMethodWorker.run(TestMethodWorker.java:112)
	at org.testng.TestRunner.privateRun(TestRunner.java:753)
	at org.testng.TestRunner.run(TestRunner.java:607)
	at org.testng.SuiteRunner.runTest(SuiteRunner.java:368)
	at org.testng.SuiteRunner.runSequentially(SuiteRunner.java:363)
	at org.testng.SuiteRunner.privateRun(SuiteRunner.java:321)
	at org.testng.SuiteRunner.run(SuiteRunner.java:270)
	at org.testng.SuiteRunnerWorker.runSuite(SuiteRunnerWorker.java:52)
	at org.testng.SuiteRunnerWorker.run(SuiteRunnerWorker.java:86)
	at org.testng.TestNG.runSuitesSequentially(TestNG.java:1284)
	at org.testng.TestNG.runSuitesLocally(TestNG.java:1209)
	at org.testng.TestNG.runSuites(TestNG.java:1124)
	at org.testng.TestNG.run(TestNG.java:1096)
	at org.testng.remote.AbstractRemoteTestNG.run(AbstractRemoteTestNG.java:132)
	at org.testng.remote.RemoteTestNG.initAndRun(RemoteTestNG.java:236)
	at org.testng.remote.RemoteTestNG.main(RemoteTestNG.java:81)
</pre></div></td>
<td>0</td>
<td>scripts.TC01_Login@cc285f4</td></tr>
</table><p>
<table width='100%' border='1' class='invocation-skipped'>
<tr><td colspan='4' align='center'><b>SKIPPED CONFIGURATIONS</b></td></tr>
<tr><td><b>Test method</b></td>
<td width="30%"><b>Exception</b></td>
<td width="10%"><b>Time (seconds)</b></td>
<td><b>Instance</b></td>
</tr>
<tr>
<td title='scripts.TC01_Login.postcondition()'><b>postcondition</b><br>Test class: scripts.TC01_Login</td>
<td></td>
<td>0</td>
<td>scripts.TC01_Login@cc285f4</td></tr>
<tr>
<td title='scripts.TC01_Login.endOfClass()'><b>endOfClass</b><br>Test class: scripts.TC01_Login</td>
<td></td>
<td>0</td>
<td>scripts.TC01_Login@cc285f4</td></tr>
<tr>
<td title='scripts.TC01_Login.endOfTest()'><b>endOfTest</b><br>Test class: scripts.TC01_Login</td>
<td></td>
<td>0</td>
<td>null</td></tr>
</table><p>
<table width='100%' border='1' class='invocation-skipped'>
<tr><td colspan='4' align='center'><b>SKIPPED TESTS</b></td></tr>
<tr><td><b>Test method</b></td>
<td width="30%"><b>Exception</b></td>
<td width="10%"><b>Time (seconds)</b></td>
<td><b>Instance</b></td>
</tr>
<tr>
<td title='scripts.TC01_Login.testValidLogin()'><b>testValidLogin</b><br>Test class: scripts.TC01_Login<br>Parameters: fasiulla.d, CDE#4rfv</td>
<td></td>
<td>0</td>
<td>scripts.TC01_Login@cc285f4</td></tr>
</table><p>
</body>
</html>