<?xml version="1.0" encoding="UTF-8"?>
<!-- Generated by org.testng.reporters.JUnitXMLReporter -->
<testsuite hostname="user-PC" name="Test" tests="1" failures="0" timestamp="14 Jul 2017 06:13:16 GMT" time="2.151" errors="0">
  <testcase name="@BeforeMethod precondition" time="0.0" classname="scripts.TC01_Login">
    <failure type="org.openqa.selenium.UnsupportedCommandException" message="&amp;lt;!DOCTYPE html&amp;gt;








&amp;lt;html&amp;gt;
&amp;lt;head&amp;gt;
    &amp;lt;title&amp;gt;The page you requested could not be found&amp;lt;/title&amp;gt;
    &amp;lt;meta name=&amp;quot;robots&amp;quot; content=&amp;quot;noindex,nofollow&amp;quot;/&amp;gt;
    &amp;lt;META NAME=&amp;quot;title&amp;quot; content=&amp;quot;The page you requested could not be found&amp;quot;&amp;gt;
&amp;lt;/head&amp;gt;
&amp;lt;body bgColor=&amp;quot;#ffffff&amp;quot;&amp;gt;

&amp;lt;table bgcolor=&amp;quot;#ffffff&amp;quot; cellspacing=&amp;quot;0&amp;quot; cellpadding=&amp;quot;0&amp;quot; width=&amp;quot;100%&amp;quot; height=&amp;quot;100%&amp;quot; border=&amp;quot;0&amp;quot;&amp;gt;
    &amp;lt;tr&amp;gt;
        &amp;lt;td height=&amp;quot;100%&amp;quot; valign=&amp;quot;center&amp;quot; align=&amp;quot;center&amp;quot;&amp;gt;
            &amp;lt;table width=&amp;quot;500&amp;quot;&amp;gt;
                &amp;lt;tr&amp;gt;
                    &amp;lt;td valign=&amp;quot;middle&amp;quot;&amp;gt;
                        &amp;lt;img src=&amp;quot;/img/default/error_exclamation.gif?hash=1247701116&amp;quot; border=&amp;quot;0&amp;quot; alt=&amp;quot;&amp;quot;&amp;gt;
                    &amp;lt;/td&amp;gt;
                    &amp;lt;td style=&amp;quot;padding-left: 20px;&amp;quot;&amp;gt;
                        &amp;lt;div style=&amp;quot;padding-top: 16px; font-size: 14pt; color: #ff0000; font-family: Arial, Helvetica, serif;&amp;quot;&amp;gt;
                            &amp;lt;strong&amp;gt;
                                &amp;lt;nobr&amp;gt;The page you requested could not be found&amp;lt;/nobr&amp;gt;
                            &amp;lt;/strong&amp;gt;
                        &amp;lt;/div&amp;gt;
                        &amp;lt;div style=&amp;quot;padding-top: 15px; font-size: 12pt; color: #000000; font-family: Arial, Helvetica, serif;&amp;quot;&amp;gt;
                            &amp;lt;strong&amp;gt;
                                It is possible that this page was deleted. Please contact your system administrator for more information.
                            &amp;lt;/strong&amp;gt;
                        &amp;lt;/div&amp;gt;
                    &amp;lt;/td&amp;gt;
                &amp;lt;/tr&amp;gt;
            &amp;lt;/table&amp;gt;
        &amp;lt;/td&amp;gt;
    &amp;lt;/tr&amp;gt;
&amp;lt;/table&amp;gt;
&amp;lt;/body&amp;gt;
&amp;lt;/html&amp;gt;
Command duration or timeout: 426 milliseconds
Build info: version: &amp;apos;2.53.1&amp;apos;, revision: &amp;apos;a36b8b1&amp;apos;, time: &amp;apos;2016-06-30 17:37:03&amp;apos;
System info: host: &amp;apos;user-PC&amp;apos;, ip: &amp;apos;192.168.1.105&amp;apos;, os.name: &amp;apos;Windows 7&amp;apos;, os.arch: &amp;apos;amd64&amp;apos;, os.version: &amp;apos;6.1&amp;apos;, java.version: &amp;apos;1.8.0_60&amp;apos;
Driver info: org.openqa.selenium.remote.RemoteWebDriver">
      <![CDATA[org.openqa.selenium.UnsupportedCommandException: <!DOCTYPE html>








<html>
<head>
    <title>The page you requested could not be found</title>
    <meta name="robots" content="noindex,nofollow"/>
    <META NAME="title" content="The page you requested could not be found">
</head>
<body bgColor="#ffffff">

<table bgcolor="#ffffff" cellspacing="0" cellpadding="0" width="100%" height="100%" border="0">
    <tr>
        <td height="100%" valign="center" align="center">
            <table width="500">
                <tr>
                    <td valign="middle">
                        <img src="/img/default/error_exclamation.gif?hash=1247701116" border="0" alt="">
                    </td>
                    <td style="padding-left: 20px;">
                        <div style="padding-top: 16px; font-size: 14pt; color: #ff0000; font-family: Arial, Helvetica, serif;">
                            <strong>
                                <nobr>The page you requested could not be found</nobr>
                            </strong>
                        </div>
                        <div style="padding-top: 15px; font-size: 12pt; color: #000000; font-family: Arial, Helvetica, serif;">
                            <strong>
                                It is possible that this page was deleted. Please contact your system administrator for more information.
                            </strong>
                        </div>
                    </td>
                </tr>
            </table>
        </td>
    </tr>
</table>
</body>
</html>
Command duration or timeout: 426 milliseconds
Build info: version: '2.53.1', revision: 'a36b8b1', time: '2016-06-30 17:37:03'
System info: host: 'user-PC', ip: '192.168.1.105', os.name: 'Windows 7', os.arch: 'amd64', os.version: '6.1', java.version: '1.8.0_60'
Driver info: org.openqa.selenium.remote.RemoteWebDriver
	at org.openqa.selenium.remote.ErrorHandler.createThrowable(ErrorHandler.java:206)
	at org.openqa.selenium.remote.ErrorHandler.throwIfResponseFailed(ErrorHandler.java:158)
	at org.openqa.selenium.remote.RemoteWebDriver.execute(RemoteWebDriver.java:678)
	at org.openqa.selenium.remote.RemoteWebDriver.startSession(RemoteWebDriver.java:249)
	at org.openqa.selenium.remote.RemoteWebDriver.<init>(RemoteWebDriver.java:131)
	at org.openqa.selenium.remote.RemoteWebDriver.<init>(RemoteWebDriver.java:158)
	at scripts.BaseTest.precondition(BaseTest.java:82)
... Removed 31 stack frames]]>
    </failure>
  </testcase> <!-- @BeforeMethod precondition -->
  <testcase name="@AfterMethod postcondition" time="0.0" classname="scripts.TC01_Login">
    <skipped/>
  </testcase> <!-- @AfterMethod postcondition -->
  <testcase name="@AfterClass endOfClass" time="0.0" classname="scripts.TC01_Login">
    <skipped/>
  </testcase> <!-- @AfterClass endOfClass -->
  <testcase name="@AfterTest endOfTest" time="0.0" classname="scripts.TC01_Login">
    <skipped/>
  </testcase> <!-- @AfterTest endOfTest -->
  <testcase name="testValidLogin" time="0.002" classname="scripts.TC01_Login">
    <skipped/>
  </testcase> <!-- testValidLogin -->
</testsuite> <!-- Test -->
