<?xml version="1.0" encoding="UTF-8"?>
<!-- Generated by org.testng.reporters.JUnitReportReporter -->
<testsuite skipped="1" hostname="user-PC" name="scripts.TC01_Login" tests="2" failures="0" timestamp="14 Jul 2017 06:13:16 GMT" time="0.002" errors="1">
  <testcase name="testValidLogin" time="0.002" classname="scripts.TC01_Login">
    <skipped/>
  </testcase> <!-- testValidLogin -->
  <testcase name="precondition" time="0.000" classname="scripts.TC01_Login">
    <error type="org.openqa.selenium.UnsupportedCommandException" message="&lt;!DOCTYPE html&gt;








&lt;html&gt;
&lt;head&gt;
    &lt;title&gt;The page you requested could not be found&lt;/title&gt;
    &lt;meta name=&quot;robots&quot; content=&quot;noindex,nofollow&quot;/&gt;
    &lt;META NAME=&quot;title&quot; content=&quot;The page you requested could not be found&quot;&gt;
&lt;/head&gt;
&lt;body bgColor=&quot;#ffffff&quot;&gt;

&lt;table bgcolor=&quot;#ffffff&quot; cellspacing=&quot;0&quot; cellpadding=&quot;0&quot; width=&quot;100%&quot; height=&quot;100%&quot; border=&quot;0&quot;&gt;
    &lt;tr&gt;
        &lt;td height=&quot;100%&quot; valign=&quot;center&quot; align=&quot;center&quot;&gt;
            &lt;table width=&quot;500&quot;&gt;
                &lt;tr&gt;
                    &lt;td valign=&quot;middle&quot;&gt;
                        &lt;img src=&quot;/img/default/error_exclamation.gif?hash=1247701116&quot; border=&quot;0&quot; alt=&quot;&quot;&gt;
                    &lt;/td&gt;
                    &lt;td style=&quot;padding-left: 20px;&quot;&gt;
                        &lt;div style=&quot;padding-top: 16px; font-size: 14pt; color: #ff0000; font-family: Arial, Helvetica, serif;&quot;&gt;
                            &lt;strong&gt;
                                &lt;nobr&gt;The page you requested could not be found&lt;/nobr&gt;
                            &lt;/strong&gt;
                        &lt;/div&gt;
                        &lt;div style=&quot;padding-top: 15px; font-size: 12pt; color: #000000; font-family: Arial, Helvetica, serif;&quot;&gt;
                            &lt;strong&gt;
                                It is possible that this page was deleted. Please contact your system administrator for more information.
                            &lt;/strong&gt;
                        &lt;/div&gt;
                    &lt;/td&gt;
                &lt;/tr&gt;
            &lt;/table&gt;
        &lt;/td&gt;
    &lt;/tr&gt;
&lt;/table&gt;
&lt;/body&gt;
&lt;/html&gt;
Command duration or timeout: 426 milliseconds
Build info: version: &#039;2.53.1&#039;, revision: &#039;a36b8b1&#039;, time: &#039;2016-06-30 17:37:03&#039;
System info: host: &#039;user-PC&#039;, ip: &#039;192.168.1.105&#039;, os.name: &#039;Windows 7&#039;, os.arch: &#039;amd64&#039;, os.version: &#039;6.1&#039;, java.version: &#039;1.8.0_60&#039;
Driver info: org.openqa.selenium.remote.RemoteWebDriver">
      <![CDATA[org.openqa.selenium.UnsupportedCommandException: <!DOCTYPE html>








<html>
<head>
    <title>The page you requested could not be found</title>
    <meta name="robots" content="noindex,nofollow"/>
    <META NAME="title" content="The page you requested could not be found">
</head>
<body bgColor="#ffffff">

<table bgcolor="#ffffff" cellspacing="0" cellpadding="0" width="100%" height="100%" border="0">
    <tr>
        <td height="100%" valign="center" align="center">
            <table width="500">
                <tr>
                    <td valign="middle">
                        <img src="/img/default/error_exclamation.gif?hash=1247701116" border="0" alt="">
                    </td>
                    <td style="padding-left: 20px;">
                        <div style="padding-top: 16px; font-size: 14pt; color: #ff0000; font-family: Arial, Helvetica, serif;">
                            <strong>
                                <nobr>The page you requested could not be found</nobr>
                            </strong>
                        </div>
                        <div style="padding-top: 15px; font-size: 12pt; color: #000000; font-family: Arial, Helvetica, serif;">
                            <strong>
                                It is possible that this page was deleted. Please contact your system administrator for more information.
                            </strong>
                        </div>
                    </td>
                </tr>
            </table>
        </td>
    </tr>
</table>
</body>
</html>
Command duration or timeout: 426 milliseconds
Build info: version: '2.53.1', revision: 'a36b8b1', time: '2016-06-30 17:37:03'
System info: host: 'user-PC', ip: '192.168.1.105', os.name: 'Windows 7', os.arch: 'amd64', os.version: '6.1', java.version: '1.8.0_60'
Driver info: org.openqa.selenium.remote.RemoteWebDriver
	at sun.reflect.NativeConstructorAccessorImpl.newInstance0(Native Method)
	at sun.reflect.NativeConstructorAccessorImpl.newInstance(NativeConstructorAccessorImpl.java:62)
	at sun.reflect.DelegatingConstructorAccessorImpl.newInstance(DelegatingConstructorAccessorImpl.java:45)
	at java.lang.reflect.Constructor.newInstance(Constructor.java:422)
	at org.openqa.selenium.remote.ErrorHandler.createThrowable(ErrorHandler.java:206)
	at org.openqa.selenium.remote.ErrorHandler.throwIfResponseFailed(ErrorHandler.java:158)
	at org.openqa.selenium.remote.RemoteWebDriver.execute(RemoteWebDriver.java:678)
	at org.openqa.selenium.remote.RemoteWebDriver.startSession(RemoteWebDriver.java:249)
	at org.openqa.selenium.remote.RemoteWebDriver.<init>(RemoteWebDriver.java:131)
	at org.openqa.selenium.remote.RemoteWebDriver.<init>(RemoteWebDriver.java:158)
	at scripts.BaseTest.precondition(BaseTest.java:82)
	at sun.reflect.NativeMethodAccessorImpl.invoke0(Native Method)
	at sun.reflect.NativeMethodAccessorImpl.invoke(NativeMethodAccessorImpl.java:62)
	at sun.reflect.DelegatingMethodAccessorImpl.invoke(DelegatingMethodAccessorImpl.java:43)
	at java.lang.reflect.Method.invoke(Method.java:497)
	at org.testng.internal.MethodInvocationHelper.invokeMethod(MethodInvocationHelper.java:100)
	at org.testng.internal.Invoker.invokeConfigurationMethod(Invoker.java:515)
	at org.testng.internal.Invoker.invokeConfigurations(Invoker.java:216)
	at org.testng.internal.Invoker.invokeMethod(Invoker.java:590)
	at org.testng.internal.Invoker.invokeTestMethod(Invoker.java:811)
	at org.testng.internal.Invoker.invokeTestMethods(Invoker.java:1137)
	at org.testng.internal.TestMethodWorker.invokeTestMethods(TestMethodWorker.java:129)
	at org.testng.internal.TestMethodWorker.run(TestMethodWorker.java:112)
	at org.testng.TestRunner.privateRun(TestRunner.java:753)
	at org.testng.TestRunner.run(TestRunner.java:607)
	at org.testng.SuiteRunner.runTest(SuiteRunner.java:368)
	at org.testng.SuiteRunner.runSequentially(SuiteRunner.java:363)
	at org.testng.SuiteRunner.privateRun(SuiteRunner.java:321)
	at org.testng.SuiteRunner.run(SuiteRunner.java:270)
	at org.testng.SuiteRunnerWorker.runSuite(SuiteRunnerWorker.java:52)
	at org.testng.SuiteRunnerWorker.run(SuiteRunnerWorker.java:86)
	at org.testng.TestNG.runSuitesSequentially(TestNG.java:1284)
	at org.testng.TestNG.runSuitesLocally(TestNG.java:1209)
	at org.testng.TestNG.runSuites(TestNG.java:1124)
	at org.testng.TestNG.run(TestNG.java:1096)
	at org.testng.remote.AbstractRemoteTestNG.run(AbstractRemoteTestNG.java:132)
	at org.testng.remote.RemoteTestNG.initAndRun(RemoteTestNG.java:236)
	at org.testng.remote.RemoteTestNG.main(RemoteTestNG.java:81)
]]>
    </error>
  </testcase> <!-- precondition -->
</testsuite> <!-- scripts.TC01_Login -->
